# JRE version: Java(TM) SE Runtime Environment (9.0+11) (build 9.0.4+11)
# Java VM: Java HotSpot(TM) 64-Bit Server VM (9.0.4+11, mixed mode, tiered, compressed oops, g1 gc, windows-amd64)
Heap:
 garbage-first heap   total 238592K, used 91328K [0x0000000700000000, 0x0000000700100748, 0x00000007c0000000)
  region size 1024K, 19 young (19456K), 1 survivors (1024K)
 Metaspace       used 85318K, capacity 87109K, committed 94640K, reserved 1130496K
  class space    used 11025K, capacity 11405K, committed 12976K, reserved 1048576K
GC Heap History (10 events):
Event: 8364.392 GC heap before
{Heap before GC invocations=1674 (full 1155):
 garbage-first heap   total 238592K, used 133619K [0x0000000700000000, 0x0000000700100748, 0x00000007c0000000)
  region size 1024K, 60 young (61440K), 2 survivors (2048K)
 Metaspace       used 85481K, capacity 87543K, committed 94640K, reserved 1130496K
  class space    used 11082K, capacity 11512K, committed 12976K, reserved 1048576K
}
Event: 8364.395 GC heap after
{Heap after GC invocations=1675 (full 1155):
 garbage-first heap   total 238592K, used 73773K [0x0000000700000000, 0x0000000700100748, 0x00000007c0000000)
  region size 1024K, 1 young (1024K), 1 survivors (1024K)
 Metaspace       used 85481K, capacity 87543K, committed 94640K, reserved 1130496K
  class space    used 11082K, capacity 11512K, committed 12976K, reserved 1048576K
}
Event: 8368.006 GC heap before
{Heap before GC invocations=1675 (full 1155):
 garbage-first heap   total 238592K, used 134189K [0x0000000700000000, 0x0000000700100748, 0x00000007c0000000)
  region size 1024K, 60 young (61440K), 1 survivors (1024K)
 Metaspace       used 85484K, capacity 87543K, committed 94640K, reserved 1130496K
  class space    used 11082K, capacity 11512K, committed 12976K, reserved 1048576K
}
Event: 8368.008 GC heap after
{Heap after GC invocations=1676 (full 1155):
 garbage-first heap   total 238592K, used 73772K [0x0000000700000000, 0x0000000700100748, 0x00000007c0000000)
  region size 1024K, 1 young (1024K), 1 survivors (1024K)
 Metaspace       used 85484K, capacity 87543K, committed 94640K, reserved 1130496K
  class space    used 11082K, capacity 11512K, committed 12976K, reserved 1048576K
}
Event: 8369.805 GC heap before
{Heap before GC invocations=1676 (full 1155):
 garbage-first heap   total 238592K, used 106540K [0x0000000700000000, 0x0000000700100748, 0x00000007c0000000)
  region size 1024K, 34 young (34816K), 1 survivors (1024K)
 Metaspace       used 85499K, capacity 87543K, committed 94640K, reserved 1130496K
  class space    used 11082K, capacity 11512K, committed 12976K, reserved 1048576K
}
Event: 8370.036 GC heap after
{Heap after GC invocations=1677 (full 1156):
 garbage-first heap   total 238592K, used 72477K [0x0000000700000000, 0x0000000700100748, 0x00000007c0000000)
  region size 1024K, 0 young (0K), 0 survivors (0K)
 Metaspace       used 85306K, capacity 87045K, committed 94640K, reserved 1130496K
  class space    used 11025K, capacity 11405K, committed 12976K, reserved 1048576K
}
Event: 8387.567 GC heap before
{Heap before GC invocations=1677 (full 1156):
 garbage-first heap   total 238592K, used 135965K [0x0000000700000000, 0x0000000700100748, 0x00000007c0000000)
  region size 1024K, 60 young (61440K), 0 survivors (0K)
 Metaspace       used 85318K, capacity 87109K, committed 94640K, reserved 1130496K
  class space    used 11025K, capacity 11405K, committed 12976K, reserved 1048576K
}
Event: 8387.569 GC heap after
{Heap after GC invocations=1678 (full 1156):
 garbage-first heap   total 238592K, used 73842K [0x0000000700000000, 0x0000000700100748, 0x00000007c0000000)
  region size 1024K, 1 young (1024K), 1 survivors (1024K)
 Metaspace       used 85318K, capacity 87109K, committed 94640K, reserved 1130496K
  class space    used 11025K, capacity 11405K, committed 12976K, reserved 1048576K
}
Event: 8394.101 GC heap before
{Heap before GC invocations=1678 (full 1156):
 garbage-first heap   total 238592K, used 134258K [0x0000000700000000, 0x0000000700100748, 0x00000007c0000000)
  region size 1024K, 60 young (61440K), 1 survivors (1024K)
 Metaspace       used 85318K, capacity 87109K, committed 94640K, reserved 1130496K
  class space    used 11025K, capacity 11405K, committed 12976K, reserved 1048576K
}
Event: 8394.104 GC heap after
{Heap after GC invocations=1679 (full 1156):
 garbage-first heap   total 238592K, used 73920K [0x0000000700000000, 0x0000000700100748, 0x00000007c0000000)
  region size 1024K, 1 young (1024K), 1 survivors (1024K)
 Metaspace       used 85318K, capacity 87109K, committed 94640K, reserved 1130496K
  class space    used 11025K, capacity 11405K, committed 12976K, reserved 1048576K
}

